Analysis & Synthesis report for RS232
Mon Oct 14 16:04:50 2024
Quartus Prime Version 17.1.0 Build 590 10/25/2017 SJ Lite Edition


---------------------
; Table of Contents ;
---------------------
  1. Legal Notice
  2. Analysis & Synthesis Summary
  3. Analysis & Synthesis Settings
  4. Parallel Compilation
  5. Analysis & Synthesis Source Files Read
  6. Analysis & Synthesis Resource Usage Summary
  7. Analysis & Synthesis Resource Utilization by Entity
  8. State Machine - |RS232_decoder|UC_RS232:UC_fsm|etat
  9. General Register Statistics
 10. Multiplexer Restructuring Statistics (Restructuring Performed)
 11. Parameter Settings for User Entity Instance: comparateur:comp0
 12. Parameter Settings for User Entity Instance: comparateur:comp7
 13. Parameter Settings for User Entity Instance: registre:registre1
 14. Parameter Settings for User Entity Instance: reg_dec:registre_deca
 15. Parameter Settings for User Entity Instance: compteur_generic:counter_1
 16. Port Connectivity Checks: "compteur_generic:counter_1"
 17. Port Connectivity Checks: "reg_dec:registre_deca"
 18. Port Connectivity Checks: "registre:registre1"
 19. Port Connectivity Checks: "comparateur:comp7"
 20. Port Connectivity Checks: "comparateur:comp0"
 21. Post-Synthesis Netlist Statistics for Top Partition
 22. Elapsed Time Per Partition
 23. Analysis & Synthesis Messages



----------------
; Legal Notice ;
----------------
Copyright (C) 2017  Intel Corporation. All rights reserved.
Your use of Intel Corporation's design tools, logic functions 
and other software and tools, and its AMPP partner logic 
functions, and any output files from any of the foregoing 
(including device programming or simulation files), and any 
associated documentation or information are expressly subject 
to the terms and conditions of the Intel Program License 
Subscription Agreement, the Intel Quartus Prime License Agreement,
the Intel FPGA IP License Agreement, or other applicable license
agreement, including, without limitation, that your use is for
the sole purpose of programming logic devices manufactured by
Intel and sold by Intel or its authorized distributors.  Please
refer to the applicable agreement for further details.



+-------------------------------------------------------------------------------+
; Analysis & Synthesis Summary                                                  ;
+---------------------------------+---------------------------------------------+
; Analysis & Synthesis Status     ; Successful - Mon Oct 14 16:04:50 2024       ;
; Quartus Prime Version           ; 17.1.0 Build 590 10/25/2017 SJ Lite Edition ;
; Revision Name                   ; RS232                                       ;
; Top-level Entity Name           ; RS232_decoder                               ;
; Family                          ; Cyclone V                                   ;
; Logic utilization (in ALMs)     ; N/A                                         ;
; Total registers                 ; 22                                          ;
; Total pins                      ; 12                                          ;
; Total virtual pins              ; 0                                           ;
; Total block memory bits         ; 0                                           ;
; Total DSP Blocks                ; 0                                           ;
; Total HSSI RX PCSs              ; 0                                           ;
; Total HSSI PMA RX Deserializers ; 0                                           ;
; Total HSSI TX PCSs              ; 0                                           ;
; Total HSSI PMA TX Serializers   ; 0                                           ;
; Total PLLs                      ; 0                                           ;
; Total DLLs                      ; 0                                           ;
+---------------------------------+---------------------------------------------+


+---------------------------------------------------------------------------------------------------------------------------+
; Analysis & Synthesis Settings                                                                                             ;
+---------------------------------------------------------------------------------+--------------------+--------------------+
; Option                                                                          ; Setting            ; Default Value      ;
+---------------------------------------------------------------------------------+--------------------+--------------------+
; Device                                                                          ; 5CGXFC7C7F23C8     ;                    ;
; Top-level entity name                                                           ; RS232_decoder      ; RS232              ;
; Family name                                                                     ; Cyclone V          ; Cyclone V          ;
; Use smart compilation                                                           ; Off                ; Off                ;
; Enable parallel Assembler and TimeQuest Timing Analyzer during compilation      ; On                 ; On                 ;
; Enable compact report table                                                     ; Off                ; Off                ;
; Restructure Multiplexers                                                        ; Auto               ; Auto               ;
; MLAB Add Timing Constraints For Mixed-Port Feed-Through Mode Setting Don't Care ; Off                ; Off                ;
; Create Debugging Nodes for IP Cores                                             ; Off                ; Off                ;
; Preserve fewer node names                                                       ; On                 ; On                 ;
; Intel FPGA IP Evaluation Mode                                                   ; Enable             ; Enable             ;
; Verilog Version                                                                 ; Verilog_2001       ; Verilog_2001       ;
; VHDL Version                                                                    ; VHDL_1993          ; VHDL_1993          ;
; State Machine Processing                                                        ; Auto               ; Auto               ;
; Safe State Machine                                                              ; Off                ; Off                ;
; Extract Verilog State Machines                                                  ; On                 ; On                 ;
; Extract VHDL State Machines                                                     ; On                 ; On                 ;
; Ignore Verilog initial constructs                                               ; Off                ; Off                ;
; Iteration limit for constant Verilog loops                                      ; 5000               ; 5000               ;
; Iteration limit for non-constant Verilog loops                                  ; 250                ; 250                ;
; Add Pass-Through Logic to Inferred RAMs                                         ; On                 ; On                 ;
; Infer RAMs from Raw Logic                                                       ; On                 ; On                 ;
; Parallel Synthesis                                                              ; On                 ; On                 ;
; DSP Block Balancing                                                             ; Auto               ; Auto               ;
; NOT Gate Push-Back                                                              ; On                 ; On                 ;
; Power-Up Don't Care                                                             ; On                 ; On                 ;
; Remove Redundant Logic Cells                                                    ; Off                ; Off                ;
; Remove Duplicate Registers                                                      ; On                 ; On                 ;
; Ignore CARRY Buffers                                                            ; Off                ; Off                ;
; Ignore CASCADE Buffers                                                          ; Off                ; Off                ;
; Ignore GLOBAL Buffers                                                           ; Off                ; Off                ;
; Ignore ROW GLOBAL Buffers                                                       ; Off                ; Off                ;
; Ignore LCELL Buffers                                                            ; Off                ; Off                ;
; Ignore SOFT Buffers                                                             ; On                 ; On                 ;
; Limit AHDL Integers to 32 Bits                                                  ; Off                ; Off                ;
; Optimization Technique                                                          ; Balanced           ; Balanced           ;
; Carry Chain Length                                                              ; 70                 ; 70                 ;
; Auto Carry Chains                                                               ; On                 ; On                 ;
; Auto Open-Drain Pins                                                            ; On                 ; On                 ;
; Perform WYSIWYG Primitive Resynthesis                                           ; Off                ; Off                ;
; Auto ROM Replacement                                                            ; On                 ; On                 ;
; Auto RAM Replacement                                                            ; On                 ; On                 ;
; Auto DSP Block Replacement                                                      ; On                 ; On                 ;
; Auto Shift Register Replacement                                                 ; Auto               ; Auto               ;
; Allow Shift Register Merging across Hierarchies                                 ; Auto               ; Auto               ;
; Auto Clock Enable Replacement                                                   ; On                 ; On                 ;
; Strict RAM Replacement                                                          ; Off                ; Off                ;
; Allow Synchronous Control Signals                                               ; On                 ; On                 ;
; Force Use of Synchronous Clear Signals                                          ; Off                ; Off                ;
; Auto Resource Sharing                                                           ; Off                ; Off                ;
; Allow Any RAM Size For Recognition                                              ; Off                ; Off                ;
; Allow Any ROM Size For Recognition                                              ; Off                ; Off                ;
; Allow Any Shift Register Size For Recognition                                   ; Off                ; Off                ;
; Use LogicLock Constraints during Resource Balancing                             ; On                 ; On                 ;
; Ignore translate_off and synthesis_off directives                               ; Off                ; Off                ;
; Timing-Driven Synthesis                                                         ; On                 ; On                 ;
; Report Parameter Settings                                                       ; On                 ; On                 ;
; Report Source Assignments                                                       ; On                 ; On                 ;
; Report Connectivity Checks                                                      ; On                 ; On                 ;
; Ignore Maximum Fan-Out Assignments                                              ; Off                ; Off                ;
; Synchronization Register Chain Length                                           ; 3                  ; 3                  ;
; Power Optimization During Synthesis                                             ; Normal compilation ; Normal compilation ;
; HDL message level                                                               ; Level2             ; Level2             ;
; Suppress Register Optimization Related Messages                                 ; Off                ; Off                ;
; Number of Removed Registers Reported in Synthesis Report                        ; 5000               ; 5000               ;
; Number of Swept Nodes Reported in Synthesis Report                              ; 5000               ; 5000               ;
; Number of Inverted Registers Reported in Synthesis Report                       ; 100                ; 100                ;
; Clock MUX Protection                                                            ; On                 ; On                 ;
; Auto Gated Clock Conversion                                                     ; Off                ; Off                ;
; Block Design Naming                                                             ; Auto               ; Auto               ;
; SDC constraint protection                                                       ; Off                ; Off                ;
; Synthesis Effort                                                                ; Auto               ; Auto               ;
; Shift Register Replacement - Allow Asynchronous Clear Signal                    ; On                 ; On                 ;
; Pre-Mapping Resynthesis Optimization                                            ; Off                ; Off                ;
; Analysis & Synthesis Message Level                                              ; Medium             ; Medium             ;
; Disable Register Merging Across Hierarchies                                     ; Auto               ; Auto               ;
; Resource Aware Inference For Block RAM                                          ; On                 ; On                 ;
; Automatic Parallel Synthesis                                                    ; On                 ; On                 ;
; Partial Reconfiguration Bitstream ID                                            ; Off                ; Off                ;
+---------------------------------------------------------------------------------+--------------------+--------------------+


+------------------------------------------+
; Parallel Compilation                     ;
+----------------------------+-------------+
; Processors                 ; Number      ;
+----------------------------+-------------+
; Number detected on machine ; 8           ;
; Maximum allowed            ; 4           ;
;                            ;             ;
; Average used               ; 1.00        ;
; Maximum used               ; 4           ;
;                            ;             ;
; Usage by Processor         ; % Time Used ;
;     Processor 1            ; 100.0%      ;
;     Processors 2-4         ;   0.0%      ;
+----------------------------+-------------+


+--------------------------------------------------------------------------------------------------------------------------------------------------------------+
; Analysis & Synthesis Source Files Read                                                                                                                       ;
+----------------------------------+-----------------+-----------------+-----------------------------------------------------------------------------+---------+
; File Name with User-Entered Path ; Used in Netlist ; File Type       ; File Name with Absolute Path                                                ; Library ;
+----------------------------------+-----------------+-----------------+-----------------------------------------------------------------------------+---------+
; comparateur.vhd                  ; yes             ; User VHDL File  ; C:/Users/TRETEC/OneDrive/Documents/Master_1/VHDL/RS232/comparateur.vhd      ;         ;
; compteur_generic.vhd             ; yes             ; User VHDL File  ; C:/Users/TRETEC/OneDrive/Documents/Master_1/VHDL/RS232/compteur_generic.vhd ;         ;
; reg_dec.vhd                      ; yes             ; User VHDL File  ; C:/Users/TRETEC/OneDrive/Documents/Master_1/VHDL/RS232/reg_dec.vhd          ;         ;
; registre.vhd                     ; yes             ; User VHDL File  ; C:/Users/TRETEC/OneDrive/Documents/Master_1/VHDL/RS232/registre.vhd         ;         ;
; UC_RS232.vhd                     ; yes             ; User VHDL File  ; C:/Users/TRETEC/OneDrive/Documents/Master_1/VHDL/RS232/UC_RS232.vhd         ;         ;
; RS232_decoder.vhd                ; yes             ; User VHDL File  ; C:/Users/TRETEC/OneDrive/Documents/Master_1/VHDL/RS232/RS232_decoder.vhd    ;         ;
+----------------------------------+-----------------+-----------------+-----------------------------------------------------------------------------+---------+


+---------------------------------------------------------+
; Analysis & Synthesis Resource Usage Summary             ;
+---------------------------------------------+-----------+
; Resource                                    ; Usage     ;
+---------------------------------------------+-----------+
; Estimate of Logic utilization (ALMs needed) ; 12        ;
;                                             ;           ;
; Combinational ALUT usage for logic          ; 10        ;
;     -- 7 input functions                    ; 0         ;
;     -- 6 input functions                    ; 0         ;
;     -- 5 input functions                    ; 0         ;
;     -- 4 input functions                    ; 4         ;
;     -- <=3 input functions                  ; 6         ;
;                                             ;           ;
; Dedicated logic registers                   ; 22        ;
;                                             ;           ;
; I/O pins                                    ; 12        ;
;                                             ;           ;
; Total DSP Blocks                            ; 0         ;
;                                             ;           ;
; Maximum fan-out node                        ; clk~input ;
; Maximum fan-out                             ; 22        ;
; Total fan-out                               ; 125       ;
; Average fan-out                             ; 2.23      ;
+---------------------------------------------+-----------+


+------------------------------------------------------------------------------------------------------------------------------------------------------------------------------------------------------------------------+
; Analysis & Synthesis Resource Utilization by Entity                                                                                                                                                                    ;
+---------------------------------+---------------------+---------------------------+-------------------+------------+------+--------------+-------------------------------------------+------------------+--------------+
; Compilation Hierarchy Node      ; Combinational ALUTs ; Dedicated Logic Registers ; Block Memory Bits ; DSP Blocks ; Pins ; Virtual Pins ; Full Hierarchy Name                       ; Entity Name      ; Library Name ;
+---------------------------------+---------------------+---------------------------+-------------------+------------+------+--------------+-------------------------------------------+------------------+--------------+
; |RS232_decoder                  ; 10 (0)              ; 22 (0)                    ; 0                 ; 0          ; 12   ; 0            ; |RS232_decoder                            ; RS232_decoder    ; work         ;
;    |UC_RS232:UC_fsm|            ; 6 (6)               ; 3 (3)                     ; 0                 ; 0          ; 0    ; 0            ; |RS232_decoder|UC_RS232:UC_fsm            ; UC_RS232         ; work         ;
;    |compteur_generic:counter_1| ; 3 (3)               ; 3 (3)                     ; 0                 ; 0          ; 0    ; 0            ; |RS232_decoder|compteur_generic:counter_1 ; compteur_generic ; work         ;
;    |reg_dec:registre_deca|      ; 1 (1)               ; 8 (8)                     ; 0                 ; 0          ; 0    ; 0            ; |RS232_decoder|reg_dec:registre_deca      ; reg_dec          ; work         ;
;    |registre:registre1|         ; 0 (0)               ; 8 (8)                     ; 0                 ; 0          ; 0    ; 0            ; |RS232_decoder|registre:registre1         ; registre         ; work         ;
+---------------------------------+---------------------+---------------------------+-------------------+------------+------+--------------+-------------------------------------------+------------------+--------------+
Note: For table entries with two numbers listed, the numbers in parentheses indicate the number of resources of the given type used by the specific entity alone. The numbers listed outside of parentheses indicate the total resources of the given type used by the specific entity and all of its sub-entities in the hierarchy.


Encoding Type:  One-Hot
+-----------------------------------------------------+
; State Machine - |RS232_decoder|UC_RS232:UC_fsm|etat ;
+-----------+----------+-----------+------------------+
; Name      ; etat.MAJ ; etat.deca ; etat.att         ;
+-----------+----------+-----------+------------------+
; etat.att  ; 0        ; 0         ; 0                ;
; etat.deca ; 0        ; 1         ; 1                ;
; etat.MAJ  ; 1        ; 0         ; 1                ;
+-----------+----------+-----------+------------------+


+------------------------------------------------------+
; General Register Statistics                          ;
+----------------------------------------------+-------+
; Statistic                                    ; Value ;
+----------------------------------------------+-------+
; Total registers                              ; 22    ;
; Number of registers using Synchronous Clear  ; 8     ;
; Number of registers using Synchronous Load   ; 0     ;
; Number of registers using Asynchronous Clear ; 6     ;
; Number of registers using Asynchronous Load  ; 0     ;
; Number of registers using Clock Enable       ; 16    ;
; Number of registers using Preset             ; 0     ;
+----------------------------------------------+-------+


+-----------------------------------------------------------------------------------------------------------------------------------------------------------+
; Multiplexer Restructuring Statistics (Restructuring Performed)                                                                                            ;
+--------------------+-----------+---------------+----------------------+------------------------+------------+---------------------------------------------+
; Multiplexer Inputs ; Bus Width ; Baseline Area ; Area if Restructured ; Saving if Restructured ; Registered ; Example Multiplexer Output                  ;
+--------------------+-----------+---------------+----------------------+------------------------+------------+---------------------------------------------+
; 3:1                ; 8 bits    ; 16 LEs        ; 0 LEs                ; 16 LEs                 ; Yes        ; |RS232_decoder|reg_dec:registre_deca|reg[0] ;
; 3:1                ; 2 bits    ; 4 LEs         ; 4 LEs                ; 0 LEs                  ; No         ; |RS232_decoder|UC_RS232:UC_fsm|Er           ;
+--------------------+-----------+---------------+----------------------+------------------------+------------+---------------------------------------------+


+----------------------------------------------------------------+
; Parameter Settings for User Entity Instance: comparateur:comp0 ;
+----------------+-------+---------------------------------------+
; Parameter Name ; Value ; Type                                  ;
+----------------+-------+---------------------------------------+
; taille         ; 1     ; Signed Integer                        ;
+----------------+-------+---------------------------------------+
Note: In order to hide this table in the UI and the text report file, please set the "Show Parameter Settings in Synthesis Report" option in "Analysis and Synthesis Settings -> More Settings" to "Off".


+----------------------------------------------------------------+
; Parameter Settings for User Entity Instance: comparateur:comp7 ;
+----------------+-------+---------------------------------------+
; Parameter Name ; Value ; Type                                  ;
+----------------+-------+---------------------------------------+
; taille         ; 3     ; Signed Integer                        ;
+----------------+-------+---------------------------------------+
Note: In order to hide this table in the UI and the text report file, please set the "Show Parameter Settings in Synthesis Report" option in "Analysis and Synthesis Settings -> More Settings" to "Off".


+-----------------------------------------------------------------+
; Parameter Settings for User Entity Instance: registre:registre1 ;
+----------------+-------+----------------------------------------+
; Parameter Name ; Value ; Type                                   ;
+----------------+-------+----------------------------------------+
; taille         ; 8     ; Signed Integer                         ;
+----------------+-------+----------------------------------------+
Note: In order to hide this table in the UI and the text report file, please set the "Show Parameter Settings in Synthesis Report" option in "Analysis and Synthesis Settings -> More Settings" to "Off".


+--------------------------------------------------------------------+
; Parameter Settings for User Entity Instance: reg_dec:registre_deca ;
+----------------+-------+-------------------------------------------+
; Parameter Name ; Value ; Type                                      ;
+----------------+-------+-------------------------------------------+
; taille         ; 8     ; Signed Integer                            ;
+----------------+-------+-------------------------------------------+
Note: In order to hide this table in the UI and the text report file, please set the "Show Parameter Settings in Synthesis Report" option in "Analysis and Synthesis Settings -> More Settings" to "Off".


+-------------------------------------------------------------------------+
; Parameter Settings for User Entity Instance: compteur_generic:counter_1 ;
+----------------+-------+------------------------------------------------+
; Parameter Name ; Value ; Type                                           ;
+----------------+-------+------------------------------------------------+
; taille         ; 3     ; Signed Integer                                 ;
+----------------+-------+------------------------------------------------+
Note: In order to hide this table in the UI and the text report file, please set the "Show Parameter Settings in Synthesis Report" option in "Analysis and Synthesis Settings -> More Settings" to "Off".


+----------------------------------------------------------------------------------------------------------------+
; Port Connectivity Checks: "compteur_generic:counter_1"                                                         ;
+------+--------+----------+-------------------------------------------------------------------------------------+
; Port ; Type   ; Severity ; Details                                                                             ;
+------+--------+----------+-------------------------------------------------------------------------------------+
; rs   ; Input  ; Info     ; Stuck at GND                                                                        ;
; load ; Input  ; Info     ; Stuck at GND                                                                        ;
; up   ; Input  ; Info     ; Stuck at VCC                                                                        ;
; data ; Input  ; Info     ; Stuck at GND                                                                        ;
; co   ; Output ; Info     ; Connected to dangling logic. Logic that only feeds a dangling port will be removed. ;
+------+--------+----------+-------------------------------------------------------------------------------------+


+---------------------------------------------------+
; Port Connectivity Checks: "reg_dec:registre_deca" ;
+---------+-------+----------+----------------------+
; Port    ; Type  ; Severity ; Details              ;
+---------+-------+----------+----------------------+
; d[6..0] ; Input ; Info     ; Stuck at GND         ;
; l       ; Input ; Info     ; Stuck at GND         ;
+---------+-------+----------+----------------------+


+------------------------------------------------+
; Port Connectivity Checks: "registre:registre1" ;
+------+-------+----------+----------------------+
; Port ; Type  ; Severity ; Details              ;
+------+-------+----------+----------------------+
; r    ; Input ; Info     ; Stuck at GND         ;
+------+-------+----------+----------------------+


+----------------------------------------------------------------------------------------------------------------+
; Port Connectivity Checks: "comparateur:comp7"                                                                  ;
+------+--------+----------+-------------------------------------------------------------------------------------+
; Port ; Type   ; Severity ; Details                                                                             ;
+------+--------+----------+-------------------------------------------------------------------------------------+
; b    ; Input  ; Info     ; Stuck at VCC                                                                        ;
; inf  ; Output ; Info     ; Connected to dangling logic. Logic that only feeds a dangling port will be removed. ;
; sup  ; Output ; Info     ; Connected to dangling logic. Logic that only feeds a dangling port will be removed. ;
+------+--------+----------+-------------------------------------------------------------------------------------+


+----------------------------------------------------------------------------------------------------------------+
; Port Connectivity Checks: "comparateur:comp0"                                                                  ;
+------+--------+----------+-------------------------------------------------------------------------------------+
; Port ; Type   ; Severity ; Details                                                                             ;
+------+--------+----------+-------------------------------------------------------------------------------------+
; b    ; Input  ; Info     ; Stuck at GND                                                                        ;
; inf  ; Output ; Info     ; Connected to dangling logic. Logic that only feeds a dangling port will be removed. ;
; sup  ; Output ; Info     ; Connected to dangling logic. Logic that only feeds a dangling port will be removed. ;
+------+--------+----------+-------------------------------------------------------------------------------------+


+-----------------------------------------------------+
; Post-Synthesis Netlist Statistics for Top Partition ;
+-----------------------+-----------------------------+
; Type                  ; Count                       ;
+-----------------------+-----------------------------+
; arriav_ff             ; 22                          ;
;     CLR               ; 6                           ;
;     ENA               ; 8                           ;
;     ENA SCLR          ; 8                           ;
; arriav_lcell_comb     ; 10                          ;
;     normal            ; 10                          ;
;         1 data inputs ; 1                           ;
;         2 data inputs ; 1                           ;
;         3 data inputs ; 4                           ;
;         4 data inputs ; 4                           ;
; boundary_port         ; 12                          ;
;                       ;                             ;
; Max LUT depth         ; 2.00                        ;
; Average LUT depth     ; 0.67                        ;
+-----------------------+-----------------------------+


+-------------------------------+
; Elapsed Time Per Partition    ;
+----------------+--------------+
; Partition Name ; Elapsed Time ;
+----------------+--------------+
; Top            ; 00:00:00     ;
+----------------+--------------+


+-------------------------------+
; Analysis & Synthesis Messages ;
+-------------------------------+
Info: *******************************************************************
Info: Running Quartus Prime Analysis & Synthesis
    Info: Version 17.1.0 Build 590 10/25/2017 SJ Lite Edition
    Info: Processing started: Mon Oct 14 16:04:26 2024
Info: Command: quartus_map --read_settings_files=on --write_settings_files=off RS232 -c RS232
Warning (18236): Number of processors has not been specified which may cause overloading on shared machines.  Set the global assignment NUM_PARALLEL_PROCESSORS in your QSF to an appropriate value for best performance.
Info (20030): Parallel compilation is enabled and will use 4 of the 4 processors detected
Info (12021): Found 2 design units, including 1 entities, in source file comparateur.vhd
    Info (12022): Found design unit 1: comparateur-comportemental File: C:/Users/TRETEC/OneDrive/Documents/Master_1/VHDL/RS232/comparateur.vhd Line: 15
    Info (12023): Found entity 1: comparateur File: C:/Users/TRETEC/OneDrive/Documents/Master_1/VHDL/RS232/comparateur.vhd Line: 9
Info (12021): Found 2 design units, including 1 entities, in source file compteur_generic.vhd
    Info (12022): Found design unit 1: compteur_generic-DESCRIPTION File: C:/Users/TRETEC/OneDrive/Documents/Master_1/VHDL/RS232/compteur_generic.vhd Line: 23
    Info (12023): Found entity 1: compteur_generic File: C:/Users/TRETEC/OneDrive/Documents/Master_1/VHDL/RS232/compteur_generic.vhd Line: 15
Info (12021): Found 2 design units, including 1 entities, in source file reg_dec.vhd
    Info (12022): Found design unit 1: reg_dec-comportemental File: C:/Users/TRETEC/OneDrive/Documents/Master_1/VHDL/RS232/reg_dec.vhd Line: 17
    Info (12023): Found entity 1: reg_dec File: C:/Users/TRETEC/OneDrive/Documents/Master_1/VHDL/RS232/reg_dec.vhd Line: 11
Info (12021): Found 2 design units, including 1 entities, in source file registre.vhd
    Info (12022): Found design unit 1: registre-comportemental File: C:/Users/TRETEC/OneDrive/Documents/Master_1/VHDL/RS232/registre.vhd Line: 17
    Info (12023): Found entity 1: registre File: C:/Users/TRETEC/OneDrive/Documents/Master_1/VHDL/RS232/registre.vhd Line: 11
Info (12021): Found 2 design units, including 1 entities, in source file uc_rs232.vhd
    Info (12022): Found design unit 1: UC_RS232-behavioral File: C:/Users/TRETEC/OneDrive/Documents/Master_1/VHDL/RS232/UC_RS232.vhd Line: 13
    Info (12023): Found entity 1: UC_RS232 File: C:/Users/TRETEC/OneDrive/Documents/Master_1/VHDL/RS232/UC_RS232.vhd Line: 5
Info (12021): Found 2 design units, including 1 entities, in source file rs232_decoder.vhd
    Info (12022): Found design unit 1: RS232_decoder-behavioral File: C:/Users/TRETEC/OneDrive/Documents/Master_1/VHDL/RS232/RS232_decoder.vhd Line: 14
    Info (12023): Found entity 1: RS232_decoder File: C:/Users/TRETEC/OneDrive/Documents/Master_1/VHDL/RS232/RS232_decoder.vhd Line: 6
Info (12127): Elaborating entity "RS232_decoder" for the top level hierarchy
Info (12128): Elaborating entity "comparateur" for hierarchy "comparateur:comp0" File: C:/Users/TRETEC/OneDrive/Documents/Master_1/VHDL/RS232/RS232_decoder.vhd Line: 67
Info (12128): Elaborating entity "comparateur" for hierarchy "comparateur:comp7" File: C:/Users/TRETEC/OneDrive/Documents/Master_1/VHDL/RS232/RS232_decoder.vhd Line: 74
Info (12128): Elaborating entity "registre" for hierarchy "registre:registre1" File: C:/Users/TRETEC/OneDrive/Documents/Master_1/VHDL/RS232/RS232_decoder.vhd Line: 79
Info (12128): Elaborating entity "reg_dec" for hierarchy "reg_dec:registre_deca" File: C:/Users/TRETEC/OneDrive/Documents/Master_1/VHDL/RS232/RS232_decoder.vhd Line: 87
Info (12128): Elaborating entity "compteur_generic" for hierarchy "compteur_generic:counter_1" File: C:/Users/TRETEC/OneDrive/Documents/Master_1/VHDL/RS232/RS232_decoder.vhd Line: 103
Info (12128): Elaborating entity "UC_RS232" for hierarchy "UC_RS232:UC_fsm" File: C:/Users/TRETEC/OneDrive/Documents/Master_1/VHDL/RS232/RS232_decoder.vhd Line: 114
Warning (10631): VHDL Process Statement warning at UC_RS232.vhd(72): inferring latch(es) for signal or variable "etat_f", which holds its previous value in one or more paths through the process File: C:/Users/TRETEC/OneDrive/Documents/Master_1/VHDL/RS232/UC_RS232.vhd Line: 72
Info (286030): Timing-Driven Synthesis is running
Info (16010): Generating hard_block partition "hard_block:auto_generated_inst"
    Info (16011): Adding 0 node(s), including 0 DDIO, 0 PLL, 0 transceiver and 0 LCELL
Info (21057): Implemented 38 device resources after synthesis - the final resource count might be different
    Info (21058): Implemented 4 input pins
    Info (21059): Implemented 8 output pins
    Info (21061): Implemented 26 logic cells
Info: Quartus Prime Analysis & Synthesis was successful. 0 errors, 2 warnings
    Info: Peak virtual memory: 4853 megabytes
    Info: Processing ended: Mon Oct 14 16:04:50 2024
    Info: Elapsed time: 00:00:24
    Info: Total CPU time (on all processors): 00:00:09


